[INFO] Scanning for projects...
[INFO] 
[INFO] -----------------------< com.smartfnb:smartfnb >------------------------
[INFO] Building SmartF&B 1.0.0-SNAPSHOT
[INFO] --------------------------------[ jar ]---------------------------------
[INFO] 
[INFO] >>> spring-boot-maven-plugin:3.3.5:run (default-cli) > test-compile @ smartfnb >>>
[INFO] 
[INFO] --- maven-resources-plugin:3.3.1:resources (default-resources) @ smartfnb ---
[INFO] Copying 1 resource from src\main\resources to target\classes
[INFO] Copying 7 resources from src\main\resources to target\classes
[INFO] 
[INFO] --- maven-compiler-plugin:3.13.0:compile (default-compile) @ smartfnb ---
[INFO] Recompiling the module because of changed source code.
[INFO] Compiling 261 source files with javac [debug parameters release 21] to target\classes
[INFO] 
[INFO] --- maven-resources-plugin:3.3.1:testResources (default-testResources) @ smartfnb ---
[INFO] Not copying test resources
[INFO] 
[INFO] --- maven-compiler-plugin:3.13.0:testCompile (default-testCompile) @ smartfnb ---
[INFO] Not compiling test sources
[INFO] 
[INFO] <<< spring-boot-maven-plugin:3.3.5:run (default-cli) < test-compile @ smartfnb <<<
[INFO] 
[INFO] 
[INFO] --- spring-boot-maven-plugin:3.3.5:run (default-cli) @ smartfnb ---
[INFO] Attaching agents: []

  .   ____          _            __ _ _
 /\\ / ___'_ __ _ _(_)_ __  __ _ \ \ \ \
( ( )\___ | '_ | '_| | '_ \/ _` | \ \ \ \
 \\/  ___)| |_)| | | | | || (_| |  ) ) ) )
  '  |____| .__|_| |_|_| |_\__, | / / / /
 =========|_|==============|___/=/_/_/_/

 :: Spring Boot ::                (v3.3.5)

23:02:22.552 [main] INFO  com.smartfnb.SmartFnbApplication - Starting SmartFnbApplication using Java 21.0.6 with PID 32748 (E:\Smart_web\SmartF&B\target\classes started by ASUS in E:\Smart_web\SmartF&B)
23:02:22.553 [main] DEBUG com.smartfnb.SmartFnbApplication - Running with Spring Boot v3.3.5, Spring v6.1.14
23:02:22.554 [main] INFO  com.smartfnb.SmartFnbApplication - No active profile set, falling back to 1 default profile: "default"
23:02:24.189 [main] INFO  o.s.d.r.c.RepositoryConfigurationDelegate - Multiple Spring Data modules found, entering strict repository configuration mode
23:02:24.193 [main] INFO  o.s.d.r.c.RepositoryConfigurationDelegate - Bootstrapping Spring Data JPA repositories in DEFAULT mode.
23:02:24.496 [main] INFO  o.s.d.r.c.RepositoryConfigurationDelegate - Finished Spring Data repository scanning in 291 ms. Found 29 JPA repository interfaces.
23:02:24.510 [main] INFO  o.s.d.r.c.RepositoryConfigurationDelegate - Multiple Spring Data modules found, entering strict repository configuration mode
23:02:24.511 [main] INFO  o.s.d.r.c.RepositoryConfigurationDelegate - Bootstrapping Spring Data Redis repositories in DEFAULT mode.
23:02:24.537 [main] INFO  o.s.d.r.c.RepositoryConfigurationExtensionSupport - Spring Data Redis - Could not safely identify store assignment for repository candidate interface com.smartfnb.auth.infrastructure.persistence.OtpRepository; If you want this repository to be a Redis repository, consider annotating your entities with one of these annotations: org.springframework.data.redis.core.RedisHash (preferred), or consider extending one of the following types with your repository: org.springframework.data.keyvalue.repository.KeyValueRepository
23:02:24.539 [main] INFO  o.s.d.r.c.RepositoryConfigurationExtensionSupport - Spring Data Redis - Could not safely identify store assignment for repository candidate interface com.smartfnb.auth.infrastructure.persistence.PlanRepository; If you want this repository to be a Redis repository, consider annotating your entities with one of these annotations: org.springframework.data.redis.core.RedisHash (preferred), or consider extending one of the following types with your repository: org.springframework.data.keyvalue.repository.KeyValueRepository
23:02:24.539 [main] INFO  o.s.d.r.c.RepositoryConfigurationExtensionSupport - Spring Data Redis - Could not safely identify store assignment for repository candidate interface com.smartfnb.auth.infrastructure.persistence.TenantRepository; If you want this repository to be a Redis repository, consider annotating your entities with one of these annotations: org.springframework.data.redis.core.RedisHash (preferred), or consider extending one of the following types with your repository: org.springframework.data.keyvalue.repository.KeyValueRepository
23:02:24.539 [main] INFO  o.s.d.r.c.RepositoryConfigurationExtensionSupport - Spring Data Redis - Could not safely identify store assignment for repository candidate interface com.smartfnb.auth.infrastructure.persistence.UserRepository; If you want this repository to be a Redis repository, consider annotating your entities with one of these annotations: org.springframework.data.redis.core.RedisHash (preferred), or consider extending one of the following types with your repository: org.springframework.data.keyvalue.repository.KeyValueRepository
23:02:24.539 [main] INFO  o.s.d.r.c.RepositoryConfigurationExtensionSupport - Spring Data Redis - Could not safely identify store assignment for repository candidate interface com.smartfnb.branch.infrastructure.persistence.BranchJpaRepository; If you want this repository to be a Redis repository, consider annotating your entities with one of these annotations: org.springframework.data.redis.core.RedisHash (preferred), or consider extending one of the following types with your repository: org.springframework.data.keyvalue.repository.KeyValueRepository
23:02:24.540 [main] INFO  o.s.d.r.c.RepositoryConfigurationExtensionSupport - Spring Data Redis - Could not safely identify store assignment for repository candidate interface com.smartfnb.branch.infrastructure.persistence.BranchUserJpaRepository; If you want this repository to be a Redis repository, consider annotating your entities with one of these annotations: org.springframework.data.redis.core.RedisHash (preferred), or consider extending one of the following types with your repository: org.springframework.data.keyvalue.repository.KeyValueRepository
23:02:24.541 [main] INFO  o.s.d.r.c.RepositoryConfigurationExtensionSupport - Spring Data Redis - Could not safely identify store assignment for repository candidate interface com.smartfnb.inventory.infrastructure.persistence.AuditLogJpaRepository; If you want this repository to be a Redis repository, consider annotating your entities with one of these annotations: org.springframework.data.redis.core.RedisHash (preferred), or consider extending one of the following types with your repository: org.springframework.data.keyvalue.repository.KeyValueRepository
23:02:24.541 [main] INFO  o.s.d.r.c.RepositoryConfigurationExtensionSupport - Spring Data Redis - Could not safely identify store assignment for repository candidate interface com.smartfnb.inventory.infrastructure.persistence.InventoryBalanceJpaRepository; If you want this repository to be a Redis repository, consider annotating your entities with one of these annotations: org.springframework.data.redis.core.RedisHash (preferred), or consider extending one of the following types with your repository: org.springframework.data.keyvalue.repository.KeyValueRepository
23:02:24.543 [main] INFO  o.s.d.r.c.RepositoryConfigurationExtensionSupport - Spring Data Redis - Could not safely identify store assignment for repository candidate interface com.smartfnb.inventory.infrastructure.persistence.InventoryTransactionJpaRepository; If you want this repository to be a Redis repository, consider annotating your entities with one of these annotations: org.springframework.data.redis.core.RedisHash (preferred), or consider extending one of the following types with your repository: org.springframework.data.keyvalue.repository.KeyValueRepository
23:02:24.543 [main] INFO  o.s.d.r.c.RepositoryConfigurationExtensionSupport - Spring Data Redis - Could not safely identify store assignment for repository candidate interface com.smartfnb.inventory.infrastructure.persistence.StockBatchJpaRepository; If you want this repository to be a Redis repository, consider annotating your entities with one of these annotations: org.springframework.data.redis.core.RedisHash (preferred), or consider extending one of the following types with your repository: org.springframework.data.keyvalue.repository.KeyValueRepository
23:02:24.543 [main] INFO  o.s.d.r.c.RepositoryConfigurationExtensionSupport - Spring Data Redis - Could not safely identify store assignment for repository candidate interface com.smartfnb.menu.infrastructure.persistence.AddonJpaRepository; If you want this repository to be a Redis repository, consider annotating your entities with one of these annotations: org.springframework.data.redis.core.RedisHash (preferred), or consider extending one of the following types with your repository: org.springframework.data.keyvalue.repository.KeyValueRepository
23:02:24.544 [main] INFO  o.s.d.r.c.RepositoryConfigurationExtensionSupport - Spring Data Redis - Could not safely identify store assignment for repository candidate interface com.smartfnb.menu.infrastructure.persistence.BranchItemJpaRepository; If you want this repository to be a Redis repository, consider annotating your entities with one of these annotations: org.springframework.data.redis.core.RedisHash (preferred), or consider extending one of the following types with your repository: org.springframework.data.keyvalue.repository.KeyValueRepository
23:02:24.544 [main] INFO  o.s.d.r.c.RepositoryConfigurationExtensionSupport - Spring Data Redis - Could not safely identify store assignment for repository candidate interface com.smartfnb.menu.infrastructure.persistence.CategoryJpaRepository; If you want this repository to be a Redis repository, consider annotating your entities with one of these annotations: org.springframework.data.redis.core.RedisHash (preferred), or consider extending one of the following types with your repository: org.springframework.data.keyvalue.repository.KeyValueRepository
23:02:24.545 [main] INFO  o.s.d.r.c.RepositoryConfigurationExtensionSupport - Spring Data Redis - Could not safely identify store assignment for repository candidate interface com.smartfnb.menu.infrastructure.persistence.MenuItemJpaRepository; If you want this repository to be a Redis repository, consider annotating your entities with one of these annotations: org.springframework.data.redis.core.RedisHash (preferred), or consider extending one of the following types with your repository: org.springframework.data.keyvalue.repository.KeyValueRepository
23:02:24.545 [main] INFO  o.s.d.r.c.RepositoryConfigurationExtensionSupport - Spring Data Redis - Could not safely identify store assignment for repository candidate interface com.smartfnb.menu.infrastructure.persistence.RecipeJpaRepository; If you want this repository to be a Redis repository, consider annotating your entities with one of these annotations: org.springframework.data.redis.core.RedisHash (preferred), or consider extending one of the following types with your repository: org.springframework.data.keyvalue.repository.KeyValueRepository
23:02:24.545 [main] INFO  o.s.d.r.c.RepositoryConfigurationExtensionSupport - Spring Data Redis - Could not safely identify store assignment for repository candidate interface com.smartfnb.order.infrastructure.persistence.OrderJpaRepository; If you want this repository to be a Redis repository, consider annotating your entities with one of these annotations: org.springframework.data.redis.core.RedisHash (preferred), or consider extending one of the following types with your repository: org.springframework.data.keyvalue.repository.KeyValueRepository
23:02:24.545 [main] INFO  o.s.d.r.c.RepositoryConfigurationExtensionSupport - Spring Data Redis - Could not safely identify store assignment for repository candidate interface com.smartfnb.order.infrastructure.persistence.OrderStatusLogJpaRepository; If you want this repository to be a Redis repository, consider annotating your entities with one of these annotations: org.springframework.data.redis.core.RedisHash (preferred), or consider extending one of the following types with your repository: org.springframework.data.keyvalue.repository.KeyValueRepository
23:02:24.545 [main] INFO  o.s.d.r.c.RepositoryConfigurationExtensionSupport - Spring Data Redis - Could not safely identify store assignment for repository candidate interface com.smartfnb.order.infrastructure.persistence.TableJpaRepository; If you want this repository to be a Redis repository, consider annotating your entities with one of these annotations: org.springframework.data.redis.core.RedisHash (preferred), or consider extending one of the following types with your repository: org.springframework.data.keyvalue.repository.KeyValueRepository
23:02:24.545 [main] INFO  o.s.d.r.c.RepositoryConfigurationExtensionSupport - Spring Data Redis - Could not safely identify store assignment for repository candidate interface com.smartfnb.order.infrastructure.persistence.TableZoneJpaRepository; If you want this repository to be a Redis repository, consider annotating your entities with one of these annotations: org.springframework.data.redis.core.RedisHash (preferred), or consider extending one of the following types with your repository: org.springframework.data.keyvalue.repository.KeyValueRepository
23:02:24.545 [main] INFO  o.s.d.r.c.RepositoryConfigurationExtensionSupport - Spring Data Redis - Could not safely identify store assignment for repository candidate interface com.smartfnb.payment.infrastructure.persistence.InvoiceJpaRepository; If you want this repository to be a Redis repository, consider annotating your entities with one of these annotations: org.springframework.data.redis.core.RedisHash (preferred), or consider extending one of the following types with your repository: org.springframework.data.keyvalue.repository.KeyValueRepository
23:02:24.545 [main] INFO  o.s.d.r.c.RepositoryConfigurationExtensionSupport - Spring Data Redis - Could not safely identify store assignment for repository candidate interface com.smartfnb.payment.infrastructure.persistence.PaymentJpaRepository; If you want this repository to be a Redis repository, consider annotating your entities with one of these annotations: org.springframework.data.redis.core.RedisHash (preferred), or consider extending one of the following types with your repository: org.springframework.data.keyvalue.repository.KeyValueRepository
23:02:24.545 [main] INFO  o.s.d.r.c.RepositoryConfigurationExtensionSupport - Spring Data Redis - Could not safely identify store assignment for repository candidate interface com.smartfnb.plan.infrastructure.persistence.SubscriptionJpaRepository; If you want this repository to be a Redis repository, consider annotating your entities with one of these annotations: org.springframework.data.redis.core.RedisHash (preferred), or consider extending one of the following types with your repository: org.springframework.data.keyvalue.repository.KeyValueRepository
23:02:24.545 [main] INFO  o.s.d.r.c.RepositoryConfigurationExtensionSupport - Spring Data Redis - Could not safely identify store assignment for repository candidate interface com.smartfnb.rbac.infrastructure.persistence.PermissionJpaRepository; If you want this repository to be a Redis repository, consider annotating your entities with one of these annotations: org.springframework.data.redis.core.RedisHash (preferred), or consider extending one of the following types with your repository: org.springframework.data.keyvalue.repository.KeyValueRepository
23:02:24.545 [main] INFO  o.s.d.r.c.RepositoryConfigurationExtensionSupport - Spring Data Redis - Could not safely identify store assignment for repository candidate interface com.smartfnb.rbac.infrastructure.persistence.PermissionRepository; If you want this repository to be a Redis repository, consider annotating your entities with one of these annotations: org.springframework.data.redis.core.RedisHash (preferred), or consider extending one of the following types with your repository: org.springframework.data.keyvalue.repository.KeyValueRepository
23:02:24.545 [main] INFO  o.s.d.r.c.RepositoryConfigurationExtensionSupport - Spring Data Redis - Could not safely identify store assignment for repository candidate interface com.smartfnb.rbac.infrastructure.persistence.RoleJpaRepository; If you want this repository to be a Redis repository, consider annotating your entities with one of these annotations: org.springframework.data.redis.core.RedisHash (preferred), or consider extending one of the following types with your repository: org.springframework.data.keyvalue.repository.KeyValueRepository
23:02:24.547 [main] INFO  o.s.d.r.c.RepositoryConfigurationExtensionSupport - Spring Data Redis - Could not safely identify store assignment for repository candidate interface com.smartfnb.rbac.infrastructure.persistence.RolePermissionJpaRepository; If you want this repository to be a Redis repository, consider annotating your entities with one of these annotations: org.springframework.data.redis.core.RedisHash (preferred), or consider extending one of the following types with your repository: org.springframework.data.keyvalue.repository.KeyValueRepository
23:02:24.547 [main] INFO  o.s.d.r.c.RepositoryConfigurationExtensionSupport - Spring Data Redis - Could not safely identify store assignment for repository candidate interface com.smartfnb.rbac.infrastructure.persistence.RoleRepository; If you want this repository to be a Redis repository, consider annotating your entities with one of these annotations: org.springframework.data.redis.core.RedisHash (preferred), or consider extending one of the following types with your repository: org.springframework.data.keyvalue.repository.KeyValueRepository
23:02:24.547 [main] INFO  o.s.d.r.c.RepositoryConfigurationExtensionSupport - Spring Data Redis - Could not safely identify store assignment for repository candidate interface com.smartfnb.rbac.infrastructure.persistence.UserRoleJpaRepository; If you want this repository to be a Redis repository, consider annotating your entities with one of these annotations: org.springframework.data.redis.core.RedisHash (preferred), or consider extending one of the following types with your repository: org.springframework.data.keyvalue.repository.KeyValueRepository
23:02:24.547 [main] INFO  o.s.d.r.c.RepositoryConfigurationExtensionSupport - Spring Data Redis - Could not safely identify store assignment for repository candidate interface com.smartfnb.rbac.infrastructure.persistence.UserRoleRepository; If you want this repository to be a Redis repository, consider annotating your entities with one of these annotations: org.springframework.data.redis.core.RedisHash (preferred), or consider extending one of the following types with your repository: org.springframework.data.keyvalue.repository.KeyValueRepository
23:02:24.547 [main] INFO  o.s.d.r.c.RepositoryConfigurationDelegate - Finished Spring Data repository scanning in 27 ms. Found 0 Redis repository interfaces.
23:02:25.417 [main] INFO  o.s.b.w.e.tomcat.TomcatWebServer - Tomcat initialized with port 8080 (http)
23:02:25.432 [main] INFO  o.a.catalina.core.StandardService - Starting service [Tomcat]
23:02:25.432 [main] INFO  o.a.catalina.core.StandardEngine - Starting Servlet engine: [Apache Tomcat/10.1.31]
23:02:25.508 [main] INFO  o.a.c.c.C.[Tomcat].[localhost].[/] - Initializing Spring embedded WebApplicationContext
23:02:25.509 [main] INFO  o.s.b.w.s.c.ServletWebServerApplicationContext - Root WebApplicationContext: initialization completed in 2907 ms
23:02:25.747 [main] DEBUG c.s.a.i.jwt.JwtAuthFilter - Filter 'jwtAuthFilter' configured for use
23:02:25.970 [main] INFO  com.zaxxer.hikari.HikariDataSource - SmartFnbHikariPool - Starting...
23:02:26.118 [main] INFO  com.zaxxer.hikari.pool.HikariPool - SmartFnbHikariPool - Added connection org.postgresql.jdbc.PgConnection@740ad32e
23:02:26.120 [main] INFO  com.zaxxer.hikari.HikariDataSource - SmartFnbHikariPool - Start completed.
23:02:26.152 [main] INFO  org.flywaydb.core.FlywayExecutor - Database: jdbc:postgresql://localhost:5432/smartfnb (PostgreSQL 16.13)
23:02:26.217 [main] INFO  o.f.core.internal.command.DbValidate - Successfully validated 7 migrations (execution time 00:00.035s)
23:02:26.260 [main] INFO  o.f.core.internal.command.DbMigrate - Current version of schema "public": 7
23:02:26.263 [main] INFO  o.f.core.internal.command.DbMigrate - Schema "public" is up to date. No migration necessary.
23:02:26.384 [main] INFO  o.h.jpa.internal.util.LogHelper - HHH000204: Processing PersistenceUnitInfo [name: default]
23:02:26.432 [main] INFO  org.hibernate.Version - HHH000412: Hibernate ORM core version 6.5.3.Final
23:02:26.461 [main] INFO  o.h.c.i.RegionFactoryInitiator - HHH000026: Second-level cache disabled
23:02:26.716 [main] INFO  o.s.o.j.p.SpringPersistenceUnitInfo - No LoadTimeWeaver setup: ignoring JPA class transformer
23:02:26.782 [main] WARN  org.hibernate.orm.deprecation - HHH90000025: PostgreSQLDialect does not need to be specified explicitly using 'hibernate.dialect' (remove the property setting and it will be selected by default)
23:02:27.358 [main] WARN  org.hibernate.mapping.RootClass - HHH000038: Composite-id class does not override equals(): com.smartfnb.menu.infrastructure.persistence.BranchItemJpaEntity$BranchItemId
23:02:27.358 [main] WARN  org.hibernate.mapping.RootClass - HHH000039: Composite-id class does not override hashCode(): com.smartfnb.menu.infrastructure.persistence.BranchItemJpaEntity$BranchItemId
23:02:28.210 [main] INFO  o.h.e.t.j.p.i.JtaPlatformInitiator - HHH000489: No JTA platform available (set 'hibernate.transaction.jta.platform' to enable JTA platform integration)
23:02:28.271 [main] INFO  o.s.o.j.LocalContainerEntityManagerFactoryBean - Initialized JPA EntityManagerFactory for persistence unit 'default'
23:02:28.537 [main] INFO  o.s.d.j.r.query.QueryEnhancerFactory - Hibernate is in classpath; If applicable, HQL parser will be used.
23:02:30.877 [main] INFO  o.s.b.a.e.web.EndpointLinksResolver - Exposing 3 endpoints beneath base path '/actuator'
23:02:31.612 [main] INFO  o.s.b.w.e.tomcat.TomcatWebServer - Tomcat started on port 8080 (http) with context path '/'
23:02:31.614 [main] INFO  o.s.m.s.b.SimpleBrokerMessageHandler - Starting...
23:02:31.615 [main] INFO  o.s.m.s.b.SimpleBrokerMessageHandler - BrokerAvailabilityEvent[available=true, SimpleBrokerMessageHandler [org.springframework.messaging.simp.broker.DefaultSubscriptionRegistry@27779b40]]
23:02:31.615 [main] INFO  o.s.m.s.b.SimpleBrokerMessageHandler - Started.
23:02:31.629 [main] INFO  com.smartfnb.SmartFnbApplication - Started SmartFnbApplication in 9.516 seconds (process running for 9.972)
23:03:14.405 [tomcat-handler-0] INFO  o.a.c.c.C.[Tomcat].[localhost].[/] - Initializing Spring DispatcherServlet 'dispatcherServlet'
23:03:14.405 [tomcat-handler-0] INFO  o.s.web.servlet.DispatcherServlet - Initializing Servlet 'dispatcherServlet'
23:03:14.407 [tomcat-handler-0] INFO  o.s.web.servlet.DispatcherServlet - Completed initialization in 2 ms
23:03:14.512 [tomcat-handler-0] INFO  c.s.a.a.c.RegisterTenantCommandHandler - Bắt đầu đăng ký tenant mới — email: testowner_1775232194278@test.com, plan: standard
23:03:15.091 [tomcat-handler-0] INFO  c.s.a.a.c.RegisterTenantCommandHandler - Đăng ký tenant thành công — tenantId: 2aaec15e-ffd6-4249-822e-772a057ef5cf, userId: dbf3161f-3142-4e9a-8c84-a5dc4f0e91bc
23:03:15.094 [tomcat-handler-0] INFO  c.s.p.a.SubscriptionService - Subscription Module đang cấp plan standard cho tenantId=2aaec15e-ffd6-4249-822e-772a057ef5cf
23:03:15.103 [tomcat-handler-0] INFO  c.s.p.a.SubscriptionService - Cấp plan standard thành công cho tenantId=2aaec15e-ffd6-4249-822e-772a057ef5cf
23:03:15.103 [tomcat-handler-0] INFO  c.s.r.a.e.RbacTenantRegisteredEventHandler - RBAC Module nhận sự kiện tạo Role OWNER cho tenantId=2aaec15e-ffd6-4249-822e-772a057ef5cf (Đã được xử lý ở RegisterTenantCommandHandler)
23:03:15.255 [tomcat-handler-1] INFO  c.s.a.a.command.LoginCommandHandler - Xử lý đăng nhập — email: testowner_1775232194278@test.com
23:03:15.629 [tomcat-handler-1] DEBUG c.s.r.d.service.PermissionService - Tải 31 quyền cho userId=dbf3161f-3142-4e9a-8c84-a5dc4f0e91bc tenantId=2aaec15e-ffd6-4249-822e-772a057ef5cf
23:03:15.630 [tomcat-handler-1] INFO  c.s.a.a.command.LoginCommandHandler - Đăng nhập thành công — userId: dbf3161f-3142-4e9a-8c84-a5dc4f0e91bc, tenantId: 2aaec15e-ffd6-4249-822e-772a057ef5cf, role: OWNER, permissions: 31
23:03:15.665 [tomcat-handler-2] DEBUG c.s.a.i.jwt.JwtAuthFilter - JWT hợp lệ — userId=dbf3161f-3142-4e9a-8c84-a5dc4f0e91bc, tenantId=2aaec15e-ffd6-4249-822e-772a057ef5cf, role=OWNER
23:03:15.697 [tomcat-handler-3] DEBUG c.s.a.i.jwt.JwtAuthFilter - JWT hợp lệ — userId=dbf3161f-3142-4e9a-8c84-a5dc4f0e91bc, tenantId=2aaec15e-ffd6-4249-822e-772a057ef5cf, role=OWNER
23:03:15.725 [tomcat-handler-3] DEBUG c.s.r.d.service.PermissionService - Tải 31 quyền cho userId=dbf3161f-3142-4e9a-8c84-a5dc4f0e91bc tenantId=2aaec15e-ffd6-4249-822e-772a057ef5cf
23:03:15.727 [tomcat-handler-3] DEBUG c.s.r.s.CustomPermissionEvaluator - hasPermission(dbf3161f-3142-4e9a-8c84-a5dc4f0e91bc, BRANCH_EDIT) = true
23:03:15.731 [tomcat-handler-3] INFO  c.s.branch.application.BranchService - Bắt đầu tạo chi nhánh mới cho tenantId=2aaec15e-ffd6-4249-822e-772a057ef5cf
23:03:15.751 [tomcat-handler-3] INFO  c.s.branch.application.BranchService - Tạo chi nhánh thành công id=c118c5b8-395a-4585-89da-bb113c6de275, name=Chi nhánh Auto 1775232195694
23:03:15.772 [tomcat-handler-4] DEBUG c.s.a.i.jwt.JwtAuthFilter - JWT hợp lệ — userId=dbf3161f-3142-4e9a-8c84-a5dc4f0e91bc, tenantId=2aaec15e-ffd6-4249-822e-772a057ef5cf, role=OWNER
23:03:15.784 [tomcat-handler-4] INFO  c.s.a.a.c.SelectBranchCommandHandler - User dbf3161f-3142-4e9a-8c84-a5dc4f0e91bc đang yêu cầu đổi sang chi nhánh c118c5b8-395a-4585-89da-bb113c6de275
23:03:15.815 [tomcat-handler-4] DEBUG c.s.r.d.service.PermissionService - Tải 31 quyền cho userId=dbf3161f-3142-4e9a-8c84-a5dc4f0e91bc tenantId=2aaec15e-ffd6-4249-822e-772a057ef5cf
23:03:15.816 [tomcat-handler-4] INFO  c.s.a.a.c.SelectBranchCommandHandler - Cấp lại JWT thành công cho branchId=c118c5b8-395a-4585-89da-bb113c6de275
23:03:15.827 [tomcat-handler-5] DEBUG c.s.a.i.jwt.JwtAuthFilter - JWT hợp lệ — userId=dbf3161f-3142-4e9a-8c84-a5dc4f0e91bc, tenantId=2aaec15e-ffd6-4249-822e-772a057ef5cf, role=OWNER
23:03:15.851 [tomcat-handler-5] DEBUG c.s.r.d.service.PermissionService - Tải 31 quyền cho userId=dbf3161f-3142-4e9a-8c84-a5dc4f0e91bc tenantId=2aaec15e-ffd6-4249-822e-772a057ef5cf
23:03:15.853 [tomcat-handler-5] DEBUG c.s.r.s.CustomPermissionEvaluator - hasPermission(dbf3161f-3142-4e9a-8c84-a5dc4f0e91bc, MENU_EDIT) = true
23:03:15.854 [tomcat-handler-5] INFO  c.s.m.a.c.CategoryCommandHandler - Tạo danh mục mới 'Đồ uống Test' cho tenant 2aaec15e-ffd6-4249-822e-772a057ef5cf
23:03:15.882 [tomcat-handler-5] INFO  c.s.m.a.c.CategoryCommandHandler - Đã tạo danh mục a92cc4b1-9b1f-47f8-a3c7-6dd8c284cd1b - 'Đồ uống Test'
23:03:15.898 [tomcat-handler-6] DEBUG c.s.a.i.jwt.JwtAuthFilter - JWT hợp lệ — userId=dbf3161f-3142-4e9a-8c84-a5dc4f0e91bc, tenantId=2aaec15e-ffd6-4249-822e-772a057ef5cf, role=OWNER
23:03:15.913 [tomcat-handler-6] DEBUG c.s.r.d.service.PermissionService - Tải 31 quyền cho userId=dbf3161f-3142-4e9a-8c84-a5dc4f0e91bc tenantId=2aaec15e-ffd6-4249-822e-772a057ef5cf
23:03:15.915 [tomcat-handler-6] DEBUG c.s.r.s.CustomPermissionEvaluator - hasPermission(dbf3161f-3142-4e9a-8c84-a5dc4f0e91bc, MENU_EDIT) = true
23:03:15.916 [tomcat-handler-6] INFO  c.s.m.a.c.MenuItemCommandHandler - Tạo món ăn mới 'Cà phê Auto' cho tenant 2aaec15e-ffd6-4249-822e-772a057ef5cf
23:03:15.926 [tomcat-handler-6] INFO  c.s.m.a.c.MenuItemCommandHandler - Đã tạo món ăn 4c73f063-d299-4faf-89a8-626b5ba7cdd8 - 'Cà phê Auto'
23:03:15.938 [tomcat-handler-7] DEBUG c.s.a.i.jwt.JwtAuthFilter - JWT hợp lệ — userId=dbf3161f-3142-4e9a-8c84-a5dc4f0e91bc, tenantId=2aaec15e-ffd6-4249-822e-772a057ef5cf, role=OWNER
23:03:15.949 [tomcat-handler-7] DEBUG c.s.r.d.service.PermissionService - Tải 31 quyền cho userId=dbf3161f-3142-4e9a-8c84-a5dc4f0e91bc tenantId=2aaec15e-ffd6-4249-822e-772a057ef5cf
23:03:15.950 [tomcat-handler-7] DEBUG c.s.r.s.CustomPermissionEvaluator - hasPermission(dbf3161f-3142-4e9a-8c84-a5dc4f0e91bc, BRANCH_EDIT) = true
23:03:15.951 [tomcat-handler-7] INFO  c.s.o.a.command.TableCommandHandler - Tạo khu vực bàn 'Tầng 1' tại chi nhánh c118c5b8-395a-4585-89da-bb113c6de275
23:03:15.955 [tomcat-handler-7] INFO  c.s.o.a.command.TableCommandHandler - Đã tạo khu vực bàn f61e205e-a99d-4789-ba14-d354a6a8537c - 'Tầng 1'
23:03:15.967 [tomcat-handler-8] DEBUG c.s.a.i.jwt.JwtAuthFilter - JWT hợp lệ — userId=dbf3161f-3142-4e9a-8c84-a5dc4f0e91bc, tenantId=2aaec15e-ffd6-4249-822e-772a057ef5cf, role=OWNER
23:03:15.979 [tomcat-handler-8] DEBUG c.s.r.d.service.PermissionService - Tải 31 quyền cho userId=dbf3161f-3142-4e9a-8c84-a5dc4f0e91bc tenantId=2aaec15e-ffd6-4249-822e-772a057ef5cf
23:03:15.980 [tomcat-handler-8] DEBUG c.s.r.s.CustomPermissionEvaluator - hasPermission(dbf3161f-3142-4e9a-8c84-a5dc4f0e91bc, BRANCH_EDIT) = true
23:03:15.981 [tomcat-handler-8] INFO  c.s.o.a.command.TableCommandHandler - Tạo bàn 'Bàn 01' tại chi nhánh c118c5b8-395a-4585-89da-bb113c6de275, zone f61e205e-a99d-4789-ba14-d354a6a8537c
23:03:15.989 [tomcat-handler-8] INFO  c.s.o.a.command.TableCommandHandler - Đã tạo bàn c9389dda-0d17-4d32-92a0-0343b1b92c5a - 'Bàn 01'
23:03:16.002 [tomcat-handler-9] DEBUG c.s.a.i.jwt.JwtAuthFilter - JWT hợp lệ — userId=dbf3161f-3142-4e9a-8c84-a5dc4f0e91bc, tenantId=2aaec15e-ffd6-4249-822e-772a057ef5cf, role=OWNER
23:03:16.014 [tomcat-handler-9] INFO  c.s.o.a.c.PlaceOrderCommandHandler - Tạo đơn hàng cho bàn c9389dda-0d17-4d32-92a0-0343b1b92c5a tại chi nhánh c118c5b8-395a-4585-89da-bb113c6de275
23:03:16.022 [tomcat-handler-9] INFO  c.s.o.i.e.MenuInventoryAdapter - Kiểm tra tồn kho qua MenuInventoryAdapter cho chi nhánh c118c5b8-395a-4585-89da-bb113c6de275
23:03:16.023 [tomcat-handler-9] DEBUG c.s.m.d.s.InventoryCheckService - Kiểm tra tồn kho cho 1 món tại chi nhánh c118c5b8-395a-4585-89da-bb113c6de275
23:03:16.031 [tomcat-handler-9] DEBUG c.s.m.d.s.InventoryCheckService - Không có công thức nào — bỏ qua kiểm tra tồn kho
23:03:16.049 [tomcat-handler-9] INFO  c.s.o.i.w.OrderWebSocketEventHandler - Nhận sự kiện đơn hàng mới: 3e7e6094-14fa-40f9-8d6e-2c9df7dec4a9 tại chi nhánh c118c5b8-395a-4585-89da-bb113c6de275
23:03:16.050 [tomcat-handler-9] INFO  c.s.o.i.w.OrderStatusBroadcaster - Broadcast đơn mới ORD-C118-260403230316 tới topic /topic/orders/c118c5b8-395a-4585-89da-bb113c6de275
23:03:16.060 [tomcat-handler-9] INFO  c.s.o.i.w.OrderWebSocketEventHandler - Đã broadcast đơn mới ORD-C118-260403230316 tới WebSocket topic
23:03:16.060 [tomcat-handler-9] INFO  c.s.o.a.c.PlaceOrderCommandHandler - Đã tạo đơn hàng ORD-C118-260403230316 thành công
23:03:16.094 [tomcat-handler-10] DEBUG c.s.a.i.jwt.JwtAuthFilter - JWT hợp lệ — userId=dbf3161f-3142-4e9a-8c84-a5dc4f0e91bc, tenantId=2aaec15e-ffd6-4249-822e-772a057ef5cf, role=OWNER
23:03:16.099 [tomcat-handler-10] INFO  c.s.o.a.c.UpdateOrderStatusCommandHandler - Cập nhật trạng thái đơn 3e7e6094-14fa-40f9-8d6e-2c9df7dec4a9 sang COMPLETED
23:03:16.120 [tomcat-handler-10] INFO  c.s.o.i.w.OrderWebSocketEventHandler - Nhận sự kiện thay đổi trạng thái đơn 3e7e6094-14fa-40f9-8d6e-2c9df7dec4a9 từ PENDING sang COMPLETED
23:03:16.120 [tomcat-handler-10] DEBUG c.s.o.i.w.OrderStatusBroadcaster - Broadcast trạng thái đơn ORD-C118-260403230316 tới topic /topic/orders/c118c5b8-395a-4585-89da-bb113c6de275
23:03:16.121 [tomcat-handler-10] INFO  c.s.o.i.w.OrderWebSocketEventHandler - Đã broadcast thay đổi trạng thái đơn ORD-C118-260403230316 sang COMPLETED tới WebSocket
23:03:16.121 [tomcat-handler-10] INFO  c.s.i.a.e.OrderCompletedEventHandler - Bắt đầu trừ kho FIFO cho đơn hàng: ORD-C118-260403230316
23:03:16.126 [tomcat-handler-10] DEBUG c.s.i.a.e.OrderCompletedEventHandler - Món 4c73f063-d299-4faf-89a8-626b5ba7cdd8 không có công thức nguyên liệu — bỏ qua trừ kho
23:03:16.127 [tomcat-handler-10] INFO  c.s.i.a.e.OrderCompletedEventHandler - Trừ kho FIFO hoàn tất cho đơn hàng: ORD-C118-260403230316
23:03:16.127 [tomcat-handler-10] INFO  c.s.o.i.w.OrderWebSocketEventHandler - Nhận sự kiện đơn hàng hoàn tất: ORD-C118-260403230316
23:03:16.127 [tomcat-handler-10] DEBUG c.s.o.i.w.OrderStatusBroadcaster - Broadcast trạng thái đơn ORD-C118-260403230316 tới topic /topic/orders/c118c5b8-395a-4585-89da-bb113c6de275
23:03:16.127 [tomcat-handler-10] INFO  c.s.o.i.w.OrderWebSocketEventHandler - Đã broadcast đơn ORD-C118-260403230316 hoàn tất tới WebSocket
23:03:16.145 [tomcat-handler-11] DEBUG c.s.a.i.jwt.JwtAuthFilter - JWT hợp lệ — userId=dbf3161f-3142-4e9a-8c84-a5dc4f0e91bc, tenantId=2aaec15e-ffd6-4249-822e-772a057ef5cf, role=OWNER
23:03:16.160 [tomcat-handler-11] INFO  c.s.p.w.controller.PaymentController - Thu ngân dbf3161f-3142-4e9a-8c84-a5dc4f0e91bc xử lý thanh toán tiền mặt cho đơn 3e7e6094-14fa-40f9-8d6e-2c9df7dec4a9
23:03:16.161 [tomcat-handler-11] INFO  c.s.p.a.c.ProcessCashPaymentCommandHandler - Xử lý thanh toán tiền mặt cho đơn 3e7e6094-14fa-40f9-8d6e-2c9df7dec4a9 bằng 40000
23:03:16.161 [tomcat-handler-11] DEBUG c.s.p.i.persistence.OrderAdapterImpl - Payment Module đang lấy Order 3e7e6094-14fa-40f9-8d6e-2c9df7dec4a9 từ Order Module
23:03:16.172 [tomcat-handler-11] INFO  c.s.p.a.c.ProcessCashPaymentCommandHandler - Đã tạo Payment c09aad10-40b0-4db5-98f8-a2f1943bd898 thành công
23:03:16.546 [tomcat-handler-11] DEBUG c.s.p.i.p.InvoiceNumberGeneratorImpl - Sinh ra invoice_number: INV-C11-20260403-000001
23:03:16.577 [tomcat-handler-11] INFO  c.s.p.a.c.ProcessCashPaymentCommandHandler - Đã tạo Invoice INV-C11-20260403-000001 thành công
23:03:16.578 [tomcat-handler-11] INFO  c.s.p.i.e.InvoiceCreatedEventListener - Nhận InvoiceCreatedEvent cho hóa đơn INV-C11-20260403-000001 (đơn 3e7e6094-14fa-40f9-8d6e-2c9df7dec4a9)
23:03:16.579 [tomcat-handler-11] DEBUG c.s.p.i.persistence.TableAdapterImpl - Payment Module đang cập nhật trạng thái Table c9389dda-0d17-4d32-92a0-0343b1b92c5a thành CLEANING
23:03:16.584 [tomcat-handler-11] INFO  c.s.p.i.persistence.TableAdapterImpl - Đã cập nhật trạng thái bàn c9389dda-0d17-4d32-92a0-0343b1b92c5a -> CLEANING
23:03:16.584 [tomcat-handler-11] INFO  c.s.p.i.e.InvoiceCreatedEventListener - Cập nhật bàn c9389dda-0d17-4d32-92a0-0343b1b92c5a thành CLEANING
23:03:16.584 [tomcat-handler-11] INFO  c.s.p.a.c.ProcessCashPaymentCommandHandler - Thanh toán tiền mặt hoàn tất: 3e7e6094-14fa-40f9-8d6e-2c9df7dec4a9 → Invoice INV-C11-20260403-000001
23:03:16.606 [tomcat-handler-12] DEBUG c.s.a.i.jwt.JwtAuthFilter - JWT hợp lệ — userId=dbf3161f-3142-4e9a-8c84-a5dc4f0e91bc, tenantId=2aaec15e-ffd6-4249-822e-772a057ef5cf, role=OWNER
23:03:16.609 [tomcat-handler-12] INFO  c.s.p.w.controller.PaymentController - Search Invoice: branchId=c118c5b8-395a-4585-89da-bb113c6de275, invoiceNumber=null, page=0, size=20
23:03:16.609 [tomcat-handler-12] INFO  c.s.p.a.q.SearchInvoiceQueryHandler - Tìm kiếm Invoice: branchId=c118c5b8-395a-4585-89da-bb113c6de275, invoiceNumber=null, page=0, size=20
23:03:16.629 [tomcat-handler-13] DEBUG c.s.a.i.jwt.JwtAuthFilter - JWT hợp lệ — userId=dbf3161f-3142-4e9a-8c84-a5dc4f0e91bc, tenantId=2aaec15e-ffd6-4249-822e-772a057ef5cf, role=OWNER
23:03:16.636 [tomcat-handler-13] INFO  c.s.i.w.c.InventoryController - API nhập kho: itemId=4c73f063-d299-4faf-89a8-626b5ba7cdd8, qty=50
23:03:16.636 [tomcat-handler-13] INFO  c.s.i.a.c.ImportStockCommandHandler - Nhập kho: item=4c73f063-d299-4faf-89a8-626b5ba7cdd8, quantity=50, branch=c118c5b8-395a-4585-89da-bb113c6de275
23:03:16.668 [tomcat-handler-13] INFO  c.s.i.d.s.InventoryDomainService - Cập nhật tồn kho: item=4c73f063-d299-4faf-89a8-626b5ba7cdd8, +50
23:03:16.670 [tomcat-handler-13] INFO  c.s.i.a.c.ImportStockCommandHandler - Nhập kho thành công: batchId=68ea1bdb-fde7-4ad7-99f9-a68847220e4c
23:03:16.686 [tomcat-handler-14] DEBUG c.s.a.i.jwt.JwtAuthFilter - JWT hợp lệ — userId=dbf3161f-3142-4e9a-8c84-a5dc4f0e91bc, tenantId=2aaec15e-ffd6-4249-822e-772a057ef5cf, role=OWNER
23:03:16.733 [tomcat-handler-14] WARN  c.s.s.web.GlobalExceptionHandler - Lỗi validation: must be greater than or equal to 0.0001
23:03:16.745 [tomcat-handler-15] DEBUG c.s.a.i.jwt.JwtAuthFilter - JWT hợp lệ — userId=dbf3161f-3142-4e9a-8c84-a5dc4f0e91bc, tenantId=2aaec15e-ffd6-4249-822e-772a057ef5cf, role=OWNER
23:03:16.750 [tomcat-handler-15] INFO  c.s.i.w.c.InventoryController - API điều chỉnh kho: itemId=4c73f063-d299-4faf-89a8-626b5ba7cdd8, newQty=45
23:03:16.751 [tomcat-handler-15] INFO  c.s.i.a.c.AdjustStockCommandHandler - Điều chỉnh kho: item=4c73f063-d299-4faf-89a8-626b5ba7cdd8, newQty=45, reason=Kiểm kê tháng
23:03:16.770 [tomcat-handler-15] INFO  c.s.i.a.c.AdjustStockCommandHandler - Điều chỉnh kho thành công: item=4c73f063-d299-4faf-89a8-626b5ba7cdd8, delta=-5.0000
23:03:16.780 [tomcat-handler-15] WARN  o.h.e.jdbc.spi.SqlExceptionHelper - SQL Error: 0, SQLState: 22P02
23:03:16.780 [tomcat-handler-15] ERROR o.h.e.jdbc.spi.SqlExceptionHelper - ERROR: invalid input syntax for type json
  Detail: Token "0000" is invalid.
  Where: JSON data, line 1: {"quantity": 45,0000...
unnamed portal parameter $3 = '...'
23:03:16.790 [tomcat-handler-15] ERROR c.s.s.web.GlobalExceptionHandler - Lỗi không mong đợi: could not execute statement [ERROR: invalid input syntax for type json
  Detail: Token "0000" is invalid.
  Where: JSON data, line 1: {"quantity": 45,0000...
unnamed portal parameter $3 = '...'] [insert into audit_logs (action,created_at,new_value,old_value,target_id,target_type,tenant_id,user_id,id) values (?,?,?,?,?,?,?,?,?)]; SQL [insert into audit_logs (action,created_at,new_value,old_value,target_id,target_type,tenant_id,user_id,id) values (?,?,?,?,?,?,?,?,?)]
org.springframework.dao.DataIntegrityViolationException: could not execute statement [ERROR: invalid input syntax for type json
  Detail: Token "0000" is invalid.
  Where: JSON data, line 1: {"quantity": 45,0000...
unnamed portal parameter $3 = '...'] [insert into audit_logs (action,created_at,new_value,old_value,target_id,target_type,tenant_id,user_id,id) values (?,?,?,?,?,?,?,?,?)]; SQL [insert into audit_logs (action,created_at,new_value,old_value,target_id,target_type,tenant_id,user_id,id) values (?,?,?,?,?,?,?,?,?)]
	at org.springframework.orm.jpa.vendor.HibernateJpaDialect.convertHibernateAccessException(HibernateJpaDialect.java:293)
	at org.springframework.orm.jpa.vendor.HibernateJpaDialect.translateExceptionIfPossible(HibernateJpaDialect.java:241)
	at org.springframework.orm.jpa.JpaTransactionManager.doCommit(JpaTransactionManager.java:566)
	at org.springframework.transaction.support.AbstractPlatformTransactionManager.processCommit(AbstractPlatformTransactionManager.java:795)
	at org.springframework.transaction.support.AbstractPlatformTransactionManager.commit(AbstractPlatformTransactionManager.java:758)
	at org.springframework.transaction.interceptor.TransactionAspectSupport.commitTransactionAfterReturning(TransactionAspectSupport.java:663)
	at org.springframework.transaction.interceptor.TransactionAspectSupport.invokeWithinTransaction(TransactionAspectSupport.java:413)
	at org.springframework.transaction.interceptor.TransactionInterceptor.invoke(TransactionInterceptor.java:119)
	at org.springframework.aop.framework.ReflectiveMethodInvocation.proceed(ReflectiveMethodInvocation.java:184)
	at org.springframework.aop.framework.CglibAopProxy$CglibMethodInvocation.proceed(CglibAopProxy.java:768)
	at org.springframework.aop.framework.CglibAopProxy$DynamicAdvisedInterceptor.intercept(CglibAopProxy.java:720)
	at com.smartfnb.inventory.application.command.AdjustStockCommandHandler$$SpringCGLIB$$0.handle(<generated>)
	at com.smartfnb.inventory.web.controller.InventoryController.adjustStock(InventoryController.java:113)
	at java.base/jdk.internal.reflect.DirectMethodHandleAccessor.invoke(DirectMethodHandleAccessor.java:103)
	at java.base/java.lang.reflect.Method.invoke(Method.java:580)
	at org.springframework.aop.support.AopUtils.invokeJoinpointUsingReflection(AopUtils.java:355)
	at org.springframework.aop.framework.ReflectiveMethodInvocation.invokeJoinpoint(ReflectiveMethodInvocation.java:196)
	at org.springframework.aop.framework.ReflectiveMethodInvocation.proceed(ReflectiveMethodInvocation.java:163)
	at org.springframework.aop.framework.CglibAopProxy$CglibMethodInvocation.proceed(CglibAopProxy.java:768)
	at org.springframework.security.authorization.method.AuthorizationManagerBeforeMethodInterceptor.proceed(AuthorizationManagerBeforeMethodInterceptor.java:269)
	at org.springframework.security.authorization.method.AuthorizationManagerBeforeMethodInterceptor.attemptAuthorization(AuthorizationManagerBeforeMethodInterceptor.java:264)
	at org.springframework.security.authorization.method.AuthorizationManagerBeforeMethodInterceptor.invoke(AuthorizationManagerBeforeMethodInterceptor.java:197)
	at org.springframework.security.config.annotation.method.configuration.DeferringMethodInterceptor.invoke(DeferringMethodInterceptor.java:44)
	at org.springframework.aop.framework.ReflectiveMethodInvocation.proceed(ReflectiveMethodInvocation.java:184)
	at org.springframework.aop.framework.CglibAopProxy$CglibMethodInvocation.proceed(CglibAopProxy.java:768)
	at org.springframework.aop.framework.CglibAopProxy$DynamicAdvisedInterceptor.intercept(CglibAopProxy.java:720)
	at com.smartfnb.inventory.web.controller.InventoryController$$SpringCGLIB$$0.adjustStock(<generated>)
	at java.base/jdk.internal.reflect.DirectMethodHandleAccessor.invoke(DirectMethodHandleAccessor.java:103)
	at java.base/java.lang.reflect.Method.invoke(Method.java:580)
	at org.springframework.web.method.support.InvocableHandlerMethod.doInvoke(InvocableHandlerMethod.java:255)
	at org.springframework.web.method.support.InvocableHandlerMethod.invokeForRequest(InvocableHandlerMethod.java:188)
	at org.springframework.web.servlet.mvc.method.annotation.ServletInvocableHandlerMethod.invokeAndHandle(ServletInvocableHandlerMethod.java:118)
	at org.springframework.web.servlet.mvc.method.annotation.RequestMappingHandlerAdapter.invokeHandlerMethod(RequestMappingHandlerAdapter.java:926)
	at org.springframework.web.servlet.mvc.method.annotation.RequestMappingHandlerAdapter.handleInternal(RequestMappingHandlerAdapter.java:831)
	at org.springframework.web.servlet.mvc.method.AbstractHandlerMethodAdapter.handle(AbstractHandlerMethodAdapter.java:87)
	at org.springframework.web.servlet.DispatcherServlet.doDispatch(DispatcherServlet.java:1089)
	at org.springframework.web.servlet.DispatcherServlet.doService(DispatcherServlet.java:979)
	at org.springframework.web.servlet.FrameworkServlet.processRequest(FrameworkServlet.java:1014)
	at org.springframework.web.servlet.FrameworkServlet.doPost(FrameworkServlet.java:914)
	at jakarta.servlet.http.HttpServlet.service(HttpServlet.java:590)
	at org.springframework.web.servlet.FrameworkServlet.service(FrameworkServlet.java:885)
	at jakarta.servlet.http.HttpServlet.service(HttpServlet.java:658)
	at org.apache.catalina.core.ApplicationFilterChain.internalDoFilter(ApplicationFilterChain.java:195)
	at org.apache.catalina.core.ApplicationFilterChain.doFilter(ApplicationFilterChain.java:140)
	at org.apache.tomcat.websocket.server.WsFilter.doFilter(WsFilter.java:51)
	at org.apache.catalina.core.ApplicationFilterChain.internalDoFilter(ApplicationFilterChain.java:164)
	at org.apache.catalina.core.ApplicationFilterChain.doFilter(ApplicationFilterChain.java:140)
	at org.springframework.web.filter.OncePerRequestFilter.doFilter(OncePerRequestFilter.java:110)
	at org.apache.catalina.core.ApplicationFilterChain.internalDoFilter(ApplicationFilterChain.java:164)
	at org.apache.catalina.core.ApplicationFilterChain.doFilter(ApplicationFilterChain.java:140)
	at org.springframework.web.filter.CompositeFilter$VirtualFilterChain.doFilter(CompositeFilter.java:108)
	at org.springframework.security.web.FilterChainProxy.lambda$doFilterInternal$3(FilterChainProxy.java:231)
	at org.springframework.security.web.ObservationFilterChainDecorator$FilterObservation$SimpleFilterObservation.lambda$wrap$1(ObservationFilterChainDecorator.java:479)
	at org.springframework.security.web.ObservationFilterChainDecorator$AroundFilterObservation$SimpleAroundFilterObservation.lambda$wrap$1(ObservationFilterChainDecorator.java:340)
	at org.springframework.security.web.ObservationFilterChainDecorator.lambda$wrapSecured$0(ObservationFilterChainDecorator.java:82)
	at org.springframework.security.web.ObservationFilterChainDecorator$VirtualFilterChain.doFilter(ObservationFilterChainDecorator.java:128)
	at org.springframework.security.web.access.intercept.AuthorizationFilter.doFilter(AuthorizationFilter.java:100)
	at org.springframework.security.web.ObservationFilterChainDecorator$ObservationFilter.wrapFilter(ObservationFilterChainDecorator.java:240)
	at org.springframework.security.web.ObservationFilterChainDecorator$ObservationFilter.doFilter(ObservationFilterChainDecorator.java:227)
	at org.springframework.security.web.ObservationFilterChainDecorator$VirtualFilterChain.doFilter(ObservationFilterChainDecorator.java:137)
	at org.springframework.security.web.access.ExceptionTranslationFilter.doFilter(ExceptionTranslationFilter.java:126)
	at org.springframework.security.web.access.ExceptionTranslationFilter.doFilter(ExceptionTranslationFilter.java:120)
	at org.springframework.security.web.ObservationFilterChainDecorator$ObservationFilter.wrapFilter(ObservationFilterChainDecorator.java:240)
	at org.springframework.security.web.ObservationFilterChainDecorator$ObservationFilter.doFilter(ObservationFilterChainDecorator.java:227)
	at org.springframework.security.web.ObservationFilterChainDecorator$VirtualFilterChain.doFilter(ObservationFilterChainDecorator.java:137)
	at org.springframework.security.web.session.SessionManagementFilter.doFilter(SessionManagementFilter.java:131)
	at org.springframework.security.web.session.SessionManagementFilter.doFilter(SessionManagementFilter.java:85)
	at org.springframework.security.web.ObservationFilterChainDecorator$ObservationFilter.wrapFilter(ObservationFilterChainDecorator.java:240)
	at org.springframework.security.web.ObservationFilterChainDecorator$ObservationFilter.doFilter(ObservationFilterChainDecorator.java:227)
	at org.springframework.security.web.ObservationFilterChainDecorator$VirtualFilterChain.doFilter(ObservationFilterChainDecorator.java:137)
	at org.springframework.security.web.authentication.AnonymousAuthenticationFilter.doFilter(AnonymousAuthenticationFilter.java:100)
	at org.springframework.security.web.ObservationFilterChainDecorator$ObservationFilter.wrapFilter(ObservationFilterChainDecorator.java:240)
	at org.springframework.security.web.ObservationFilterChainDecorator$ObservationFilter.doFilter(ObservationFilterChainDecorator.java:227)
	at org.springframework.security.web.ObservationFilterChainDecorator$VirtualFilterChain.doFilter(ObservationFilterChainDecorator.java:137)
	at org.springframework.security.web.servletapi.SecurityContextHolderAwareRequestFilter.doFilter(SecurityContextHolderAwareRequestFilter.java:179)
	at org.springframework.security.web.ObservationFilterChainDecorator$ObservationFilter.wrapFilter(ObservationFilterChainDecorator.java:240)
	at org.springframework.security.web.ObservationFilterChainDecorator$ObservationFilter.doFilter(ObservationFilterChainDecorator.java:227)
	at org.springframework.security.web.ObservationFilterChainDecorator$VirtualFilterChain.doFilter(ObservationFilterChainDecorator.java:137)
	at org.springframework.security.web.savedrequest.RequestCacheAwareFilter.doFilter(RequestCacheAwareFilter.java:63)
	at org.springframework.security.web.ObservationFilterChainDecorator$ObservationFilter.wrapFilter(ObservationFilterChainDecorator.java:240)
	at org.springframework.security.web.ObservationFilterChainDecorator$ObservationFilter.doFilter(ObservationFilterChainDecorator.java:227)
	at org.springframework.security.web.ObservationFilterChainDecorator$VirtualFilterChain.doFilter(ObservationFilterChainDecorator.java:137)
	at com.smartfnb.auth.infrastructure.jwt.JwtAuthFilter.doFilterInternal(JwtAuthFilter.java:73)
	at org.springframework.web.filter.OncePerRequestFilter.doFilter(OncePerRequestFilter.java:116)
	at org.springframework.security.web.ObservationFilterChainDecorator$ObservationFilter.wrapFilter(ObservationFilterChainDecorator.java:240)
	at org.springframework.security.web.ObservationFilterChainDecorator$ObservationFilter.doFilter(ObservationFilterChainDecorator.java:227)
	at org.springframework.security.web.ObservationFilterChainDecorator$VirtualFilterChain.doFilter(ObservationFilterChainDecorator.java:137)
	at org.springframework.security.web.authentication.logout.LogoutFilter.doFilter(LogoutFilter.java:107)
	at org.springframework.security.web.authentication.logout.LogoutFilter.doFilter(LogoutFilter.java:93)
	at org.springframework.security.web.ObservationFilterChainDecorator$ObservationFilter.wrapFilter(ObservationFilterChainDecorator.java:240)
	at org.springframework.security.web.ObservationFilterChainDecorator$ObservationFilter.doFilter(ObservationFilterChainDecorator.java:227)
	at org.springframework.security.web.ObservationFilterChainDecorator$VirtualFilterChain.doFilter(ObservationFilterChainDecorator.java:137)
	at org.springframework.security.web.header.HeaderWriterFilter.doHeadersAfter(HeaderWriterFilter.java:90)
	at org.springframework.security.web.header.HeaderWriterFilter.doFilterInternal(HeaderWriterFilter.java:75)
	at org.springframework.web.filter.OncePerRequestFilter.doFilter(OncePerRequestFilter.java:116)
	at org.springframework.security.web.ObservationFilterChainDecorator$ObservationFilter.wrapFilter(ObservationFilterChainDecorator.java:240)
	at org.springframework.security.web.ObservationFilterChainDecorator$ObservationFilter.doFilter(ObservationFilterChainDecorator.java:227)
	at org.springframework.security.web.ObservationFilterChainDecorator$VirtualFilterChain.doFilter(ObservationFilterChainDecorator.java:137)
	at org.springframework.security.web.context.SecurityContextHolderFilter.doFilter(SecurityContextHolderFilter.java:82)
	at org.springframework.security.web.context.SecurityContextHolderFilter.doFilter(SecurityContextHolderFilter.java:69)
	at org.springframework.security.web.ObservationFilterChainDecorator$ObservationFilter.wrapFilter(ObservationFilterChainDecorator.java:240)
	at org.springframework.security.web.ObservationFilterChainDecorator$ObservationFilter.doFilter(ObservationFilterChainDecorator.java:227)
	at org.springframework.security.web.ObservationFilterChainDecorator$VirtualFilterChain.doFilter(ObservationFilterChainDecorator.java:137)
	at org.springframework.security.web.context.request.async.WebAsyncManagerIntegrationFilter.doFilterInternal(WebAsyncManagerIntegrationFilter.java:62)
	at org.springframework.web.filter.OncePerRequestFilter.doFilter(OncePerRequestFilter.java:116)
	at org.springframework.security.web.ObservationFilterChainDecorator$ObservationFilter.wrapFilter(ObservationFilterChainDecorator.java:240)
	at org.springframework.security.web.ObservationFilterChainDecorator$ObservationFilter.doFilter(ObservationFilterChainDecorator.java:227)
	at org.springframework.security.web.ObservationFilterChainDecorator$VirtualFilterChain.doFilter(ObservationFilterChainDecorator.java:137)
	at org.springframework.security.web.session.DisableEncodeUrlFilter.doFilterInternal(DisableEncodeUrlFilter.java:42)
	at org.springframework.web.filter.OncePerRequestFilter.doFilter(OncePerRequestFilter.java:116)
	at org.springframework.security.web.ObservationFilterChainDecorator$ObservationFilter.wrapFilter(ObservationFilterChainDecorator.java:240)
	at org.springframework.security.web.ObservationFilterChainDecorator$AroundFilterObservation$SimpleAroundFilterObservation.lambda$wrap$0(ObservationFilterChainDecorator.java:323)
	at org.springframework.security.web.ObservationFilterChainDecorator$ObservationFilter.doFilter(ObservationFilterChainDecorator.java:224)
	at org.springframework.security.web.ObservationFilterChainDecorator$VirtualFilterChain.doFilter(ObservationFilterChainDecorator.java:137)
	at org.springframework.security.web.FilterChainProxy.doFilterInternal(FilterChainProxy.java:233)
	at org.springframework.security.web.FilterChainProxy.doFilter(FilterChainProxy.java:191)
	at org.springframework.web.filter.CompositeFilter$VirtualFilterChain.doFilter(CompositeFilter.java:113)
	at org.springframework.web.servlet.handler.HandlerMappingIntrospector.lambda$createCacheFilter$3(HandlerMappingIntrospector.java:195)
	at org.springframework.web.filter.CompositeFilter$VirtualFilterChain.doFilter(CompositeFilter.java:113)
	at org.springframework.web.filter.CompositeFilter.doFilter(CompositeFilter.java:74)
	at org.springframework.security.config.annotation.web.configuration.WebMvcSecurityConfiguration$CompositeFilterChainProxy.doFilter(WebMvcSecurityConfiguration.java:230)
	at org.springframework.web.filter.DelegatingFilterProxy.invokeDelegate(DelegatingFilterProxy.java:362)
	at org.springframework.web.filter.DelegatingFilterProxy.doFilter(DelegatingFilterProxy.java:278)
	at org.apache.catalina.core.ApplicationFilterChain.internalDoFilter(ApplicationFilterChain.java:164)
	at org.apache.catalina.core.ApplicationFilterChain.doFilter(ApplicationFilterChain.java:140)
	at org.springframework.web.filter.RequestContextFilter.doFilterInternal(RequestContextFilter.java:100)
	at org.springframework.web.filter.OncePerRequestFilter.doFilter(OncePerRequestFilter.java:116)
	at org.apache.catalina.core.ApplicationFilterChain.internalDoFilter(ApplicationFilterChain.java:164)
	at org.apache.catalina.core.ApplicationFilterChain.doFilter(ApplicationFilterChain.java:140)
	at org.springframework.web.filter.FormContentFilter.doFilterInternal(FormContentFilter.java:93)
	at org.springframework.web.filter.OncePerRequestFilter.doFilter(OncePerRequestFilter.java:116)
	at org.apache.catalina.core.ApplicationFilterChain.internalDoFilter(ApplicationFilterChain.java:164)
	at org.apache.catalina.core.ApplicationFilterChain.doFilter(ApplicationFilterChain.java:140)
	at org.springframework.web.filter.ServerHttpObservationFilter.doFilterInternal(ServerHttpObservationFilter.java:113)
	at org.springframework.web.filter.OncePerRequestFilter.doFilter(OncePerRequestFilter.java:116)
	at org.apache.catalina.core.ApplicationFilterChain.internalDoFilter(ApplicationFilterChain.java:164)
	at org.apache.catalina.core.ApplicationFilterChain.doFilter(ApplicationFilterChain.java:140)
	at org.springframework.web.filter.CharacterEncodingFilter.doFilterInternal(CharacterEncodingFilter.java:201)
	at org.springframework.web.filter.OncePerRequestFilter.doFilter(OncePerRequestFilter.java:116)
	at org.apache.catalina.core.ApplicationFilterChain.internalDoFilter(ApplicationFilterChain.java:164)
	at org.apache.catalina.core.ApplicationFilterChain.doFilter(ApplicationFilterChain.java:140)
	at org.apache.catalina.core.StandardWrapperValve.invoke(StandardWrapperValve.java:167)
	at org.apache.catalina.core.StandardContextValve.invoke(StandardContextValve.java:90)
	at org.apache.catalina.authenticator.AuthenticatorBase.invoke(AuthenticatorBase.java:483)
	at org.apache.catalina.core.StandardHostValve.invoke(StandardHostValve.java:115)
	at org.apache.catalina.valves.ErrorReportValve.invoke(ErrorReportValve.java:93)
	at org.apache.catalina.core.StandardEngineValve.invoke(StandardEngineValve.java:74)
	at org.apache.catalina.connector.CoyoteAdapter.service(CoyoteAdapter.java:344)
	at org.apache.coyote.http11.Http11Processor.service(Http11Processor.java:384)
	at org.apache.coyote.AbstractProcessorLight.process(AbstractProcessorLight.java:63)
	at org.apache.coyote.AbstractProtocol$ConnectionHandler.process(AbstractProtocol.java:905)
	at org.apache.tomcat.util.net.NioEndpoint$SocketProcessor.doRun(NioEndpoint.java:1741)
	at org.apache.tomcat.util.net.SocketProcessorBase.run(SocketProcessorBase.java:52)
	at java.base/java.lang.VirtualThread.run(VirtualThread.java:329)
Caused by: org.hibernate.exception.DataException: could not execute statement [ERROR: invalid input syntax for type json
  Detail: Token "0000" is invalid.
  Where: JSON data, line 1: {"quantity": 45,0000...
unnamed portal parameter $3 = '...'] [insert into audit_logs (action,created_at,new_value,old_value,target_id,target_type,tenant_id,user_id,id) values (?,?,?,?,?,?,?,?,?)]
	at org.hibernate.exception.internal.SQLStateConversionDelegate.convert(SQLStateConversionDelegate.java:103)
	at org.hibernate.exception.internal.StandardSQLExceptionConverter.convert(StandardSQLExceptionConverter.java:58)
	at org.hibernate.engine.jdbc.spi.SqlExceptionHelper.convert(SqlExceptionHelper.java:108)
	at org.hibernate.engine.jdbc.internal.ResultSetReturnImpl.executeUpdate(ResultSetReturnImpl.java:197)
	at org.hibernate.engine.jdbc.mutation.internal.AbstractMutationExecutor.performNonBatchedMutation(AbstractMutationExecutor.java:134)
	at org.hibernate.engine.jdbc.mutation.internal.MutationExecutorSingleNonBatched.performNonBatchedOperations(MutationExecutorSingleNonBatched.java:55)
	at org.hibernate.engine.jdbc.mutation.internal.AbstractMutationExecutor.execute(AbstractMutationExecutor.java:55)
	at org.hibernate.persister.entity.mutation.InsertCoordinatorStandard.doStaticInserts(InsertCoordinatorStandard.java:194)
	at org.hibernate.persister.entity.mutation.InsertCoordinatorStandard.coordinateInsert(InsertCoordinatorStandard.java:132)
	at org.hibernate.persister.entity.mutation.InsertCoordinatorStandard.insert(InsertCoordinatorStandard.java:104)
	at org.hibernate.action.internal.EntityInsertAction.execute(EntityInsertAction.java:110)
	at org.hibernate.engine.spi.ActionQueue.executeActions(ActionQueue.java:633)
	at org.hibernate.engine.spi.ActionQueue.executeActions(ActionQueue.java:500)
	at org.hibernate.event.internal.AbstractFlushingEventListener.performExecutions(AbstractFlushingEventListener.java:385)
	at org.hibernate.event.internal.DefaultFlushEventListener.onFlush(DefaultFlushEventListener.java:41)
	at org.hibernate.event.service.internal.EventListenerGroupImpl.fireEventOnEachListener(EventListenerGroupImpl.java:127)
	at org.hibernate.internal.SessionImpl.doFlush(SessionImpl.java:1425)
	at org.hibernate.internal.SessionImpl.managedFlush(SessionImpl.java:487)
	at org.hibernate.internal.SessionImpl.flushBeforeTransactionCompletion(SessionImpl.java:2324)
	at org.hibernate.internal.SessionImpl.beforeTransactionCompletion(SessionImpl.java:1981)
	at org.hibernate.engine.jdbc.internal.JdbcCoordinatorImpl.beforeTransactionCompletion(JdbcCoordinatorImpl.java:439)
	at org.hibernate.resource.transaction.backend.jdbc.internal.JdbcResourceLocalTransactionCoordinatorImpl.beforeCompletionCallback(JdbcResourceLocalTransactionCoordinatorImpl.java:169)
	at org.hibernate.resource.transaction.backend.jdbc.internal.JdbcResourceLocalTransactionCoordinatorImpl$TransactionDriverControlImpl.commit(JdbcResourceLocalTransactionCoordinatorImpl.java:267)
	at org.hibernate.engine.transaction.internal.TransactionImpl.commit(TransactionImpl.java:101)
	at org.springframework.orm.jpa.JpaTransactionManager.doCommit(JpaTransactionManager.java:562)
	... 151 common frames omitted
Caused by: org.postgresql.util.PSQLException: ERROR: invalid input syntax for type json
  Detail: Token "0000" is invalid.
  Where: JSON data, line 1: {"quantity": 45,0000...
unnamed portal parameter $3 = '...'
	at org.postgresql.core.v3.QueryExecutorImpl.receiveErrorResponse(QueryExecutorImpl.java:2733)
	at org.postgresql.core.v3.QueryExecutorImpl.processResults(QueryExecutorImpl.java:2420)
	at org.postgresql.core.v3.QueryExecutorImpl.execute(QueryExecutorImpl.java:372)
	at org.postgresql.jdbc.PgStatement.executeInternal(PgStatement.java:517)
	at org.postgresql.jdbc.PgStatement.execute(PgStatement.java:434)
	at org.postgresql.jdbc.PgPreparedStatement.executeWithFlags(PgPreparedStatement.java:194)
	at org.postgresql.jdbc.PgPreparedStatement.executeUpdate(PgPreparedStatement.java:155)
	at com.zaxxer.hikari.pool.ProxyPreparedStatement.executeUpdate(ProxyPreparedStatement.java:61)
	at com.zaxxer.hikari.pool.HikariProxyPreparedStatement.executeUpdate(HikariProxyPreparedStatement.java)
	at org.hibernate.engine.jdbc.internal.ResultSetReturnImpl.executeUpdate(ResultSetReturnImpl.java:194)
	... 172 common frames omitted
23:03:31.586 [MessageBroker-1] INFO  o.s.w.s.c.WebSocketMessageBrokerStats - WebSocketSession[0 current WS(0)-HttpStream(0)-HttpPoll(0), 0 total, 0 closed abnormally (0 connect failure, 0 send limit, 0 transport error)], stompSubProtocol[processed CONNECT(0)-CONNECTED(0)-DISCONNECT(0)], stompBrokerRelay[null], inboundChannel[pool size = 0, active threads = 0, queued tasks = 0, completed tasks = 0], outboundChannel[pool size = 0, active threads = 0, queued tasks = 0, completed tasks = 0], sockJsScheduler[pool size = 3, active threads = 1, queued tasks = 2, completed tasks = 0]
